<?xml version="1.0" encoding="UTF-8"?>
<!-- Generated by org.testng.reporters.JUnitReportReporter -->
<testsuite skipped="0" hostname="Raju-PC" name="com.selenium.DoMouseOverAndClickOnLink" tests="1" failures="0" timestamp="24 Nov 2018 06:18:24 GMT" time="16.290" errors="0">
  <testcase name="enterText" time="16.290" classname="com.selenium.DoMouseOverAndClickOnLink"/>
</testsuite> <!-- com.selenium.DoMouseOverAndClickOnLink -->
