<?xml version="1.0" encoding="UTF-8"?>
<!-- Generated by org.testng.reporters.JUnitReportReporter -->
<testsuite skipped="0" hostname="Raju-PC" name="com.selenium.PrintAllDataFromDynamicWebTable" tests="1" failures="0" timestamp="25 Nov 2018 02:25:15 GMT" time="63.945" errors="0">
  <testcase name="enterText" time="63.945" classname="com.selenium.PrintAllDataFromDynamicWebTable"/>
</testsuite> <!-- com.selenium.PrintAllDataFromDynamicWebTable -->
