<?xml version="1.0" encoding="UTF-8"?>
<!-- Generated by org.testng.reporters.JUnitReportReporter -->
<testsuite skipped="0" hostname="Raju-PC" name="com.selenium.HowToEnterDataInMultipleTextBox" tests="1" failures="0" timestamp="24 Nov 2018 05:39:10 GMT" time="11.700" errors="0">
  <testcase name="enterText" time="11.700" classname="com.selenium.HowToEnterDataInMultipleTextBox"/>
</testsuite> <!-- com.selenium.HowToEnterDataInMultipleTextBox -->
