<?xml version="1.0" encoding="UTF-8"?>
<!-- Generated by org.testng.reporters.JUnitReportReporter -->
<testsuite skipped="0" hostname="Raju-PC" name="com.selenium.JavaScriptExecutorInSelenium" tests="1" failures="0" timestamp="25 Nov 2018 01:19:11 GMT" time="20.919" errors="0">
  <testcase name="enterDataInTextField" time="20.919" classname="com.selenium.JavaScriptExecutorInSelenium"/>
</testsuite> <!-- com.selenium.JavaScriptExecutorInSelenium -->
