<?xml version="1.0" encoding="UTF-8"?>
<!-- Generated by org.testng.reporters.JUnitReportReporter -->
<testsuite skipped="0" hostname="Raju-PC" name="com.selenium.HowToGetRowDataFromDynamicWebTable" tests="1" failures="0" timestamp="24 Nov 2018 15:14:01 GMT" time="25.808" errors="0">
  <testcase name="enterText" time="25.808" classname="com.selenium.HowToGetRowDataFromDynamicWebTable"/>
</testsuite> <!-- com.selenium.HowToGetRowDataFromDynamicWebTable -->
