<?xml version="1.0" encoding="UTF-8"?>
<!-- Generated by org.testng.reporters.JUnitReportReporter -->
<testsuite skipped="0" hostname="Raju-PC" name="com.selenium.HowToVerifyCheckboxIsCheckedOrNot" tests="1" failures="0" timestamp="24 Nov 2018 17:09:10 GMT" time="48.392" errors="0">
  <testcase name="enterText" time="48.392" classname="com.selenium.HowToVerifyCheckboxIsCheckedOrNot"/>
</testsuite> <!-- com.selenium.HowToVerifyCheckboxIsCheckedOrNot -->
