<?xml version="1.0" encoding="UTF-8"?>
<!-- Generated by org.testng.reporters.JUnitReportReporter -->
<testsuite skipped="0" hostname="Raju-PC" name="com.selenium.MouseOverInselenium" tests="1" failures="0" timestamp="25 Nov 2018 02:23:10 GMT" time="10.187" errors="0">
  <testcase name="enterText" time="10.187" classname="com.selenium.MouseOverInselenium"/>
</testsuite> <!-- com.selenium.MouseOverInselenium -->
