<?xml version="1.0" encoding="UTF-8"?>
<!-- Generated by org.testng.reporters.JUnitReportReporter -->
<testsuite skipped="0" hostname="Raju-PC" name="com.selenium.iFrameInselenium" tests="1" failures="0" timestamp="25 Nov 2018 01:10:47 GMT" time="4.172" errors="0">
  <testcase name="enterText" time="4.172" classname="com.selenium.iFrameInselenium"/>
</testsuite> <!-- com.selenium.iFrameInselenium -->
