<?xml version="1.0" encoding="UTF-8"?>
<!-- Generated by org.testng.reporters.JUnitReportReporter -->
<testsuite skipped="0" hostname="Raju-PC" name="com.selenium.CheckboxInSelenium" tests="1" failures="0" timestamp="24 Nov 2018 16:57:08 GMT" time="42.305" errors="0">
  <testcase name="enterText" time="42.305" classname="com.selenium.CheckboxInSelenium"/>
</testsuite> <!-- com.selenium.CheckboxInSelenium -->
