<?xml version="1.0" encoding="UTF-8"?>
<!-- Generated by org.testng.reporters.JUnitReportReporter -->
<testsuite skipped="0" hostname="Raju-PC" name="com.selenium.DragDropInSelenium" tests="1" failures="0" timestamp="24 Nov 2018 15:48:11 GMT" time="22.738" errors="0">
  <testcase name="enterDataInTextField" time="22.738" classname="com.selenium.DragDropInSelenium"/>
</testsuite> <!-- com.selenium.DragDropInSelenium -->
