<?xml version="1.0" encoding="UTF-8"?>
<!-- Generated by org.testng.reporters.JUnitReportReporter -->
<testsuite skipped="0" hostname="Raju-PC" name="com.selenium.ZoomInZoomOutInSelenium" tests="1" failures="0" timestamp="25 Nov 2018 02:44:29 GMT" time="15.171" errors="0">
  <testcase name="zoomInZoomOutInSelenium" time="15.171" classname="com.selenium.ZoomInZoomOutInSelenium"/>
</testsuite> <!-- com.selenium.ZoomInZoomOutInSelenium -->
