<?xml version="1.0" encoding="UTF-8"?>
<!-- Generated by org.testng.reporters.JUnitReportReporter -->
<testsuite skipped="0" hostname="Raju-PC" name="com.selenium.logAndReports.ExtentReport" tests="2" failures="0" timestamp="25 Nov 2018 02:46:08 GMT" time="0.047" errors="0">
  <testcase name="testLogout" time="0.036" classname="com.selenium.logAndReports.ExtentReport"/>
  <testcase name="testLogin" time="0.011" classname="com.selenium.logAndReports.ExtentReport"/>
</testsuite> <!-- com.selenium.logAndReports.ExtentReport -->
