<?xml version="1.0" encoding="UTF-8"?>
<!-- Generated by org.testng.reporters.JUnitReportReporter -->
<testsuite skipped="0" hostname="Raju-PC" name="com.selenium.DeleteCookieInSelenium" tests="1" failures="0" timestamp="24 Nov 2018 15:56:36 GMT" time="9.847" errors="0">
  <testcase name="deleteCookieInSelenium" time="9.847" classname="com.selenium.DeleteCookieInSelenium"/>
</testsuite> <!-- com.selenium.DeleteCookieInSelenium -->
