<?xml version="1.0" encoding="UTF-8"?>
<!-- Generated by org.testng.reporters.JUnitReportReporter -->
<testsuite skipped="0" hostname="Raju-PC" name="com.selenium.HowToGetRowsAndColumnsFromWebtable" tests="1" failures="0" timestamp="24 Nov 2018 14:58:20 GMT" time="291.186" errors="0">
  <testcase name="enterText" time="291.186" classname="com.selenium.HowToGetRowsAndColumnsFromWebtable"/>
</testsuite> <!-- com.selenium.HowToGetRowsAndColumnsFromWebtable -->
