<?xml version="1.0" encoding="UTF-8"?>
<!-- Generated by org.testng.reporters.JUnitReportReporter -->
<testsuite skipped="0" hostname="Raju-PC" name="com.selenium.DeleteAllCookieInSelenium" tests="1" failures="0" timestamp="24 Nov 2018 15:58:25 GMT" time="13.776" errors="0">
  <testcase name="deleteAllCookieInSelenium" time="13.776" classname="com.selenium.DeleteAllCookieInSelenium"/>
</testsuite> <!-- com.selenium.DeleteAllCookieInSelenium -->
