<?xml version="1.0" encoding="UTF-8"?>
<!-- Generated by org.testng.reporters.JUnitReportReporter -->
<testsuite skipped="0" hostname="Raju-PC" name="com.selenium.RadioButtonAndAutoSuggestionTextBoxInSelenium" tests="1" failures="0" timestamp="25 Nov 2018 02:26:42 GMT" time="29.493" errors="0">
  <testcase name="enterText" time="29.493" classname="com.selenium.RadioButtonAndAutoSuggestionTextBoxInSelenium"/>
</testsuite> <!-- com.selenium.RadioButtonAndAutoSuggestionTextBoxInSelenium -->
