<?xml version="1.0" encoding="UTF-8"?>
<!-- Generated by org.testng.reporters.JUnitReportReporter -->
<testsuite skipped="0" hostname="Raju-PC" name="com.selenium.ScrollInSelenium" tests="1" failures="0" timestamp="25 Nov 2018 02:35:37 GMT" time="26.946" errors="0">
  <testcase name="scrollInSelenium" time="26.946" classname="com.selenium.ScrollInSelenium"/>
</testsuite> <!-- com.selenium.ScrollInSelenium -->
