<?xml version="1.0" encoding="UTF-8"?>
<!-- Generated by org.testng.reporters.JUnitReportReporter -->
<testsuite skipped="0" hostname="Raju-PC" name="com.selenium.AddCookiesInSelenium" tests="1" failures="0" timestamp="24 Nov 2018 15:53:47 GMT" time="12.417" errors="0">
  <testcase name="enterText" time="12.417" classname="com.selenium.AddCookiesInSelenium"/>
</testsuite> <!-- com.selenium.AddCookiesInSelenium -->
