<?xml version="1.0" encoding="UTF-8"?>
<!-- Generated by org.testng.reporters.JUnitReportReporter -->
<testsuite skipped="0" hostname="Raju-PC" name="com.selenium.alertInSelenium" tests="1" failures="0" timestamp="24 Nov 2018 16:10:25 GMT" time="10.600" errors="0">
  <testcase name="enterText" time="10.600" classname="com.selenium.alertInSelenium"/>
</testsuite> <!-- com.selenium.alertInSelenium -->
