<?xml version="1.0" encoding="UTF-8"?>
<!-- Generated by org.testng.reporters.JUnitReportReporter -->
<testsuite skipped="0" hostname="Raju-PC" name="com.selenium.KeyboardAndMouseEventUsingActionClassInSelenium" tests="1" failures="0" timestamp="25 Nov 2018 01:48:25 GMT" time="7.592" errors="0">
  <testcase name="keyboardAndMouseEventUsingActionClassInSelenium" time="7.592" classname="com.selenium.KeyboardAndMouseEventUsingActionClassInSelenium"/>
</testsuite> <!-- com.selenium.KeyboardAndMouseEventUsingActionClassInSelenium -->
