<?xml version="1.0" encoding="UTF-8"?>
<!-- Generated by org.testng.reporters.JUnitReportReporter -->
<testsuite skipped="0" hostname="Raju-PC" name="com.selenium.calender" tests="1" failures="0" timestamp="24 Nov 2018 16:53:44 GMT" time="215.464" errors="0">
  <testcase name="enterText" time="215.464" classname="com.selenium.calender"/>
</testsuite> <!-- com.selenium.calender -->
