<?xml version="1.0" encoding="UTF-8"?>
<!-- Generated by org.testng.reporters.JUnitReportReporter -->
<testsuite skipped="0" hostname="Raju-PC" name="com.selenium.AddCookieInSelenium" tests="1" failures="0" timestamp="25 Nov 2018 00:53:50 GMT" time="11.151" errors="0">
  <testcase name="addCookie" time="11.151" classname="com.selenium.AddCookieInSelenium"/>
</testsuite> <!-- com.selenium.AddCookieInSelenium -->
