<?xml version="1.0" encoding="UTF-8"?>
<!-- Generated by org.testng.reporters.JUnitReportReporter -->
<testsuite skipped="0" hostname="Raju-PC" name="com.selenium.KeyboardAndMouseEventUsingActionClassInSelenium3" tests="1" failures="0" timestamp="25 Nov 2018 02:21:50 GMT" time="5.054" errors="0">
  <testcase name="keyboardAndMouseEventUsingActionClassInSelenium" time="5.054" classname="com.selenium.KeyboardAndMouseEventUsingActionClassInSelenium3"/>
</testsuite> <!-- com.selenium.KeyboardAndMouseEventUsingActionClassInSelenium3 -->
