<?xml version="1.0" encoding="UTF-8"?>
<!-- Generated by org.testng.reporters.JUnitReportReporter -->
<testsuite skipped="0" hostname="Raju-PC" name="com.selenium.HowToEnterDataInTextbox" tests="1" failures="0" timestamp="24 Nov 2018 05:30:59 GMT" time="160.983" errors="0">
  <testcase name="enterDataInTextField" time="160.983" classname="com.selenium.HowToEnterDataInTextbox"/>
</testsuite> <!-- com.selenium.HowToEnterDataInTextbox -->
