<?xml version="1.0" encoding="UTF-8"?>
<!-- Generated by org.testng.reporters.JUnitReportReporter -->
<testsuite skipped="0" hostname="Raju-PC" name="com.selenium.KeyboardAndMouseEventUsingActionClassInSelenium2" tests="1" failures="0" timestamp="25 Nov 2018 01:54:37 GMT" time="12.422" errors="0">
  <testcase name="keyboardAndMouseEventUsingActionClassInSelenium" time="12.422" classname="com.selenium.KeyboardAndMouseEventUsingActionClassInSelenium2"/>
</testsuite> <!-- com.selenium.KeyboardAndMouseEventUsingActionClassInSelenium2 -->
