<?xml version="1.0" encoding="UTF-8"?>
<!-- Generated by org.testng.reporters.JUnitReportReporter -->
<testsuite skipped="0" hostname="Raju-PC" name="com.selenium.HowToWorkWithMultipleWindows" tests="1" failures="0" timestamp="24 Nov 2018 06:40:04 GMT" time="41.809" errors="0">
  <testcase name="enterText" time="41.809" classname="com.selenium.HowToWorkWithMultipleWindows"/>
</testsuite> <!-- com.selenium.HowToWorkWithMultipleWindows -->
