<?xml version="1.0" encoding="UTF-8"?>
<!-- Generated by org.testng.reporters.JUnitReportReporter -->
<testsuite skipped="0" hostname="Raju-PC" name="com.selenium.HowToHandelCalendarInSelenium" tests="1" failures="0" timestamp="24 Nov 2018 06:47:39 GMT" time="19.077" errors="0">
  <testcase name="enterText" time="19.077" classname="com.selenium.HowToHandelCalendarInSelenium"/>
</testsuite> <!-- com.selenium.HowToHandelCalendarInSelenium -->
