<?xml version="1.0" encoding="UTF-8"?>
<!-- Generated by org.testng.reporters.JUnitReportReporter -->
<testsuite skipped="0" hostname="Raju-PC" name="com.selenium.VerifyRadioButton" tests="1" failures="0" timestamp="25 Nov 2018 02:43:09 GMT" time="14.318" errors="0">
  <testcase name="verifyRadioButton" time="14.318" classname="com.selenium.VerifyRadioButton"/>
</testsuite> <!-- com.selenium.VerifyRadioButton -->
