<?xml version="1.0" encoding="UTF-8"?>
<!-- Generated by org.testng.reporters.JUnitReportReporter -->
<testsuite skipped="0" hostname="Raju-PC" name="com.selenium.HowToSelectDataFromSelectbox" tests="1" failures="0" timestamp="24 Nov 2018 05:53:22 GMT" time="11.587" errors="0">
  <testcase name="enterText" time="11.587" classname="com.selenium.HowToSelectDataFromSelectbox"/>
</testsuite> <!-- com.selenium.HowToSelectDataFromSelectbox -->
