<?xml version="1.0" encoding="UTF-8"?>
<!-- Generated by org.testng.reporters.JUnitReportReporter -->
<testsuite skipped="0" hostname="Raju-PC" name="com.selenium.HowToGetAllLinksFromWebPage" tests="1" failures="0" timestamp="24 Nov 2018 15:45:52 GMT" time="26.647" errors="0">
  <testcase name="enterText" time="26.647" classname="com.selenium.HowToGetAllLinksFromWebPage"/>
</testsuite> <!-- com.selenium.HowToGetAllLinksFromWebPage -->
